14:29:56 **** Build of configuration Debug for project HelloWorldPCDuino ****
make all 
Building file: ../src/HelloWorldPCDuino.cpp
Invoking: Cross G++ Compiler
arm-linux-gnueabihf-g++ -O0 -g3 -Wall -c -fmessage-length=0 -MMD -MP -MF"src/HelloWorldPCDuino.d" -MT"src/HelloWorldPCDuino.d" -o "src/HelloWorldPCDuino.o" "../src/HelloWorldPCDuino.cpp"
Finished building: ../src/HelloWorldPCDuino.cpp
 
Building target: HelloWorldPCDuino
Invoking: Cross G++ Linker
arm-linux-gnueabihf-g++  -o "HelloWorldPCDuino"  ./src/HelloWorldPCDuino.o   
Finished building target: HelloWorldPCDuino
 
14:31:29 **** Incremental Build of configuration Debug for project HelloWorldPCDuino ****
make all 
make: Nothing to be done for `all'.
14:33:19 **** Incremental Build of configuration Debug for project HelloWorldPCDuino ****
make all 
Building file: ../src/HelloWorldPCDuino.cpp
Invoking: Cross G++ Compiler
arm-linux-gnueabihf-g++ -O0 -g3 -Wall -c -fmessage-length=0 -MMD -MP -MF"src/HelloWorldPCDuino.d" -MT"src/HelloWorldPCDuino.d" -o "src/HelloWorldPCDuino.o" "../src/HelloWorldPCDuino.cpp"
Finished building: ../src/HelloWorldPCDuino.cpp
 
Building target: HelloWorldPCDuino
Invoking: Cross G++ Linker
arm-linux-gnueabihf-g++  -o "HelloWorldPCDuino"  ./src/HelloWorldPCDuino.o   
Finished building target: HelloWorldPCDuino
 
14:34:03 **** Incremental Build of configuration Debug for project HelloWorldPCDuino ****
make all 
make: Nothing to be done for `all'.
14:34:20 **** Incremental Build of configuration Debug for project HelloWorldPCDuino ****
make all 
make: Nothing to be done for `all'.
